<?xml version="1.0" encoding="UTF-8"?>
<testsuite name="com.example.project.TestWordScramble" tests="2" skipped="0" failures="0" errors="0" timestamp="2025-02-12T00:12:25" hostname="codespaces-55cffd" time="0.044">
  <properties/>
  <testcase name="testScrambleWordPARTA()" classname="com.example.project.TestWordScramble" time="0.029"/>
  <testcase name="testScrambleOrRemovePARTB()" classname="com.example.project.TestWordScramble" time="0.012"/>
  <system-out><![CDATA[]]></system-out>
  <system-err><![CDATA[]]></system-err>
</testsuite>
