<?xml version="1.0" encoding="UTF-8"?>
<testsuite name="com.example.project.TestUtility" tests="1" skipped="0" failures="0" errors="0" timestamp="2025-02-12T00:12:25" hostname="codespaces-55cffd" time="0.082">
  <properties/>
  <testcase name="testSort()" classname="com.example.project.TestUtility" time="0.082"/>
  <system-out><![CDATA[[Abby Smith: 96.7, Michelle Jones: 98.1, Chase Bean: 95.2, Jack Clancy: 97.3, Brittany Jones: 95.5, Lisa Frank: 92.4, Marie Angelina: 96.5, Peter Frank: 97.9, Lisa Frank: 99.5, Dean Jones: 93.2]
true
[Dean Jones: 93.2, Lisa Frank: 99.5, Peter Frank: 97.9, Marie Angelina: 96.5, Lisa Frank: 92.4, Brittany Jones: 95.5, Jack Clancy: 97.3, Chase Bean: 95.2, Michelle Jones: 98.1, Abby Smith: 96.7]
true
[Chase Bean: 95.2, Jack Clancy: 97.3, Marie Angelina: 96.5, Peter Frank: 97.9, Lisa Frank: 99.5, Dean Jones: 93.2, Brittany Jones: 95.5, Lisa Frank: 92.4, Michelle Jones: 98.1, Abby Smith: 96.7]
true
[Marie Angelina: 96.5, Chase Bean: 95.2, Jack Clancy: 97.3, Peter Frank: 97.9, Lisa Frank: 99.5, Dean Jones: 93.2, Brittany Jones: 95.5, Lisa Frank: 92.4, Michelle Jones: 98.1, Abby Smith: 96.7]
[Marie Angelina: 96.5, Chase Bean: 95.2, Jack Clancy: 97.3, Peter Frank: 97.9, Lisa Frank: 99.5, Dean Jones: 93.2, Brittany Jones: 95.5, Lisa Frank: 92.4, Michelle Jones: 98.1, Abby Smith: 96.7]
[Marie Angelina: 96.5, Chase Bean: 95.2, Jack Clancy: 97.3, Peter Frank: 97.9, Lisa Frank: 99.5, Dean Jones: 93.2, Brittany Jones: 95.5, Lisa Frank: 92.4, Michelle Jones: 98.1, Abby Smith: 96.7]
[Marie Angelina: 96.5, Chase Bean: 95.2, Jack Clancy: 97.3, Peter Frank: 97.9, Lisa Frank: 99.5, Dean Jones: 93.2, Brittany Jones: 95.5, Lisa Frank: 92.4, Michelle Jones: 98.1, Abby Smith: 96.7]
true
[Marie Angelina: 96.5, Chase Bean: 95.2, Jack Clancy: 97.3, Peter Frank: 97.9, Dean Jones: 93.2, Brittany Jones: 95.5, Lisa Frank: 92.4, Lisa Frank: 99.5, Michelle Jones: 98.1, Abby Smith: 96.7]
[Marie Angelina: 96.5, Chase Bean: 95.2, Jack Clancy: 97.3, Peter Frank: 97.9, Dean Jones: 93.2, Brittany Jones: 95.5, Lisa Frank: 92.4, Lisa Frank: 99.5, Michelle Jones: 98.1, Abby Smith: 96.7]
[Marie Angelina: 96.5, Chase Bean: 95.2, Jack Clancy: 97.3, Peter Frank: 97.9, Dean Jones: 93.2, Brittany Jones: 95.5, Lisa Frank: 92.4, Lisa Frank: 99.5, Michelle Jones: 98.1, Abby Smith: 96.7]
[Marie Angelina: 96.5, Chase Bean: 95.2, Jack Clancy: 97.3, Peter Frank: 97.9, Dean Jones: 93.2, Brittany Jones: 95.5, Lisa Frank: 92.4, Lisa Frank: 99.5, Michelle Jones: 98.1, Abby Smith: 96.7]
true
[Marie Angelina: 96.5, Chase Bean: 95.2, Jack Clancy: 97.3, Brittany Jones: 95.5, Lisa Frank: 92.4, Peter Frank: 97.9, Lisa Frank: 99.5, Dean Jones: 93.2, Michelle Jones: 98.1, Abby Smith: 96.7]
[Marie Angelina: 96.5, Chase Bean: 95.2, Jack Clancy: 97.3, Brittany Jones: 95.5, Lisa Frank: 92.4, Peter Frank: 97.9, Lisa Frank: 99.5, Dean Jones: 93.2, Michelle Jones: 98.1, Abby Smith: 96.7]
[Marie Angelina: 96.5, Chase Bean: 95.2, Jack Clancy: 97.3, Brittany Jones: 95.5, Lisa Frank: 92.4, Peter Frank: 97.9, Lisa Frank: 99.5, Dean Jones: 93.2, Michelle Jones: 98.1, Abby Smith: 96.7]
[Marie Angelina: 96.5, Chase Bean: 95.2, Jack Clancy: 97.3, Brittany Jones: 95.5, Lisa Frank: 92.4, Peter Frank: 97.9, Lisa Frank: 99.5, Dean Jones: 93.2, Michelle Jones: 98.1, Abby Smith: 96.7]
true
[Marie Angelina: 96.5, Chase Bean: 95.2, Jack Clancy: 97.3, Lisa Frank: 99.5, Peter Frank: 97.9, Lisa Frank: 92.4, Brittany Jones: 95.5, Dean Jones: 93.2, Michelle Jones: 98.1, Abby Smith: 96.7]
[Marie Angelina: 96.5, Chase Bean: 95.2, Jack Clancy: 97.3, Lisa Frank: 99.5, Peter Frank: 97.9, Lisa Frank: 92.4, Brittany Jones: 95.5, Dean Jones: 93.2, Michelle Jones: 98.1, Abby Smith: 96.7]
[Marie Angelina: 96.5, Chase Bean: 95.2, Jack Clancy: 97.3, Lisa Frank: 99.5, Peter Frank: 97.9, Lisa Frank: 92.4, Brittany Jones: 95.5, Dean Jones: 93.2, Michelle Jones: 98.1, Abby Smith: 96.7]
[Marie Angelina: 96.5, Chase Bean: 95.2, Jack Clancy: 97.3, Lisa Frank: 99.5, Peter Frank: 97.9, Lisa Frank: 92.4, Brittany Jones: 95.5, Dean Jones: 93.2, Michelle Jones: 98.1, Abby Smith: 96.7]
[Marie Angelina: 96.5, Chase Bean: 95.2, Jack Clancy: 97.3, Lisa Frank: 99.5, Peter Frank: 97.9, Lisa Frank: 92.4, Brittany Jones: 95.5, Dean Jones: 93.2, Michelle Jones: 98.1, Abby Smith: 96.7]
true
[Marie Angelina: 96.5, Chase Bean: 95.2, Jack Clancy: 97.3, Lisa Frank: 99.5, Lisa Frank: 92.4, Peter Frank: 97.9, Brittany Jones: 95.5, Dean Jones: 93.2, Michelle Jones: 98.1, Abby Smith: 96.7]
[Marie Angelina: 96.5, Chase Bean: 95.2, Jack Clancy: 97.3, Lisa Frank: 99.5, Lisa Frank: 92.4, Peter Frank: 97.9, Brittany Jones: 95.5, Dean Jones: 93.2, Michelle Jones: 98.1, Abby Smith: 96.7]
[Marie Angelina: 96.5, Chase Bean: 95.2, Jack Clancy: 97.3, Lisa Frank: 99.5, Lisa Frank: 92.4, Peter Frank: 97.9, Brittany Jones: 95.5, Dean Jones: 93.2, Michelle Jones: 98.1, Abby Smith: 96.7]
[Marie Angelina: 96.5, Chase Bean: 95.2, Jack Clancy: 97.3, Lisa Frank: 99.5, Lisa Frank: 92.4, Peter Frank: 97.9, Brittany Jones: 95.5, Dean Jones: 93.2, Michelle Jones: 98.1, Abby Smith: 96.7]
[Marie Angelina: 96.5, Chase Bean: 95.2, Jack Clancy: 97.3, Lisa Frank: 99.5, Lisa Frank: 92.4, Peter Frank: 97.9, Brittany Jones: 95.5, Dean Jones: 93.2, Michelle Jones: 98.1, Abby Smith: 96.7]
[Marie Angelina: 96.5, Chase Bean: 95.2, Jack Clancy: 97.3, Lisa Frank: 99.5, Lisa Frank: 92.4, Peter Frank: 97.9, Brittany Jones: 95.5, Dean Jones: 93.2, Michelle Jones: 98.1, Abby Smith: 96.7]
[Marie Angelina: 96.5, Chase Bean: 95.2, Jack Clancy: 97.3, Lisa Frank: 99.5, Lisa Frank: 92.4, Peter Frank: 97.9, Brittany Jones: 95.5, Dean Jones: 93.2, Michelle Jones: 98.1, Abby Smith: 96.7]
[Marie Angelina: 96.5, Chase Bean: 95.2, Jack Clancy: 97.3, Lisa Frank: 99.5, Lisa Frank: 92.4, Peter Frank: 97.9, Brittany Jones: 95.5, Dean Jones: 93.2, Michelle Jones: 98.1, Abby Smith: 96.7]
[Marie Angelina: 96.5, Chase Bean: 95.2, Jack Clancy: 97.3, Lisa Frank: 99.5, Lisa Frank: 92.4, Peter Frank: 97.9, Brittany Jones: 95.5, Dean Jones: 93.2, Michelle Jones: 98.1, Abby Smith: 96.7]
[Marie Angelina: 96.5, Chase Bean: 95.2, Jack Clancy: 97.3, Lisa Frank: 99.5, Lisa Frank: 92.4, Peter Frank: 97.9, Brittany Jones: 95.5, Dean Jones: 93.2, Michelle Jones: 98.1, Abby Smith: 96.7]
[Marie Angelina: 96.5, Chase Bean: 95.2, Jack Clancy: 97.3, Lisa Frank: 99.5, Lisa Frank: 92.4, Peter Frank: 97.9, Brittany Jones: 95.5, Dean Jones: 93.2, Michelle Jones: 98.1, Abby Smith: 96.7]
]]></system-out>
  <system-err><![CDATA[]]></system-err>
</testsuite>
